[1614127581.969][INFO]: Starting MSEdgeDriver 88.0.705.74 (498de26f3a841db44fe68b74f2d05bb9f2464147) on port 36131
[1614127581.969][INFO]: Please see https://chromedriver.chromium.org/security-considerations for suggestions on keeping MSEdgeDriver safe.
[1614127583.285][INFO]: [d957a5f51a9cc942dbd5321266c32d74] COMMAND InitSession {
   "capabilities": {
      "firstMatch": [ {
         "browserName": "MicrosoftEdge",
         "ms:edgeOptions": {
            "args": [ "--disable-notifications", "--start-maximized", "ignore-certificate-errors" ],
            "extensions": [  ]
         },
         "pageLoadStrategy": "eager"
      } ]
   },
   "desiredCapabilities": {
      "browserName": "MicrosoftEdge",
      "ms:edgeOptions": {
         "args": [ "--disable-notifications", "--start-maximized", "ignore-certificate-errors" ],
         "extensions": [  ]
      },
      "pageLoadStrategy": "eager"
   }
}
[1614127583.327][INFO]: Populating Preferences file: {
   "alternate_error_pages": {
      "enabled": false
   },
   "autofill": {
      "enabled": false
   },
   "browser": {
      "check_default_browser": false
   },
   "distribution": {
      "import_bookmarks": false,
      "import_history": false,
      "import_search_engine": false,
      "make_chrome_default_for_user": false,
      "skip_first_run_ui": true
   },
   "dns_prefetching": {
      "enabled": false
   },
   "profile": {
      "content_settings": {
         "pattern_pairs": {
            "https://*,*": {
               "media-stream": {
                  "audio": "Default",
                  "video": "Default"
               }
            }
         }
      },
      "default_content_setting_values": {
         "geolocation": 1
      },
      "default_content_settings": {
         "geolocation": 1,
         "mouselock": 1,
         "notifications": 1,
         "popups": 1,
         "ppapi-broker": 1
      },
      "password_manager_enabled": false
   },
   "safebrowsing": {
      "enabled": false
   },
   "search": {
      "suggest_enabled": false
   },
   "translate": {
      "enabled": false
   }
}
[1614127583.329][INFO]: Populating Local State file: {
   "background_mode": {
      "enabled": false
   },
   "ssl": {
      "rev_checking": {
         "enabled": false
      }
   }
}
[1614127583.332][INFO]: Launching msedge: "C:\Program Files (x86)\Microsoft\Edge\Application\msedge.exe" --disable-background-networking --disable-backgrounding-occluded-windows --disable-client-side-phishing-detection --disable-default-apps --disable-hang-monitor --disable-notifications --disable-popup-blocking --disable-prompt-on-repost --disable-sync --enable-automation --enable-blink-features=ShadowDOMV0 --enable-logging --ignore-certificate-errors --log-level=0 --no-first-run --no-service-autorun --password-store=basic --remote-debugging-port=0 --start-maximized --test-type=webdriver --use-mock-keychain --user-data-dir="C:\Users\pavan\AppData\Local\Temp\scoped_dir24100_3133103" data:,
[1614127583.921][INFO]: resolved localhost to ["::1","127.0.0.1"]
[1614127583.933][INFO]: [d957a5f51a9cc942dbd5321266c32d74] RESPONSE InitSession {
   "capabilities": {
      "acceptInsecureCerts": false,
      "browserName": "msedge",
      "browserVersion": "88.0.705.74",
      "ms:edgeOptions": {
         "debuggerAddress": "localhost:63275"
      },
      "msedge": {
         "msedgedriverVersion": "88.0.705.74 (498de26f3a841db44fe68b74f2d05bb9f2464147)",
         "userDataDir": "C:\\Users\\pavan\\AppData\\Local\\Temp\\scoped_dir24100_3133103"
      },
      "networkConnectionEnabled": false,
      "pageLoadStrategy": "eager",
      "platformName": "windows",
      "proxy": {

      },
      "setWindowRect": true,
      "strictFileInteractability": false,
      "timeouts": {
         "implicit": 0,
         "pageLoad": 300000,
         "script": 30000
      },
      "unhandledPromptBehavior": "dismiss and notify",
      "webauthn:extension:largeBlob": true,
      "webauthn:virtualAuthenticators": true
   },
   "sessionId": "d957a5f51a9cc942dbd5321266c32d74"
}
[1614127584.086][INFO]: [d957a5f51a9cc942dbd5321266c32d74] COMMAND Navigate {
   "url": "https://untrusted-root.badssl.com/"
}
[1614127584.086][INFO]: Waiting for pending navigations...
[1614127584.091][INFO]: Done waiting for pending navigations. Status: ok
[1614127585.147][INFO]: Waiting for pending navigations...
[1614127585.178][INFO]: Done waiting for pending navigations. Status: ok
[1614127585.178][INFO]: [d957a5f51a9cc942dbd5321266c32d74] RESPONSE Navigate
